2025-07-29 00:02:43 [INFO] o.s.b.d.a.LocalDevToolsAutoConfiguration$RestartingClassPathChangeChangedEventListener - Restarting due to 1 class path change (0 additions, 0 deletions, 1 modification)
2025-07-29 00:02:43 [INFO] o.s.b.w.e.tomcat.GracefulShutdown - Commencing graceful shutdown. Waiting for active requests to complete
2025-07-29 00:02:43 [INFO] o.s.b.w.e.tomcat.GracefulShutdown - Graceful shutdown complete
2025-07-29 00:02:43 [INFO] o.s.o.j.LocalContainerEntityManagerFactoryBean - Closing JPA EntityManagerFactory for persistence unit 'default'
2025-07-29 00:02:43 [WARN] o.s.b.f.s.DisposableBeanAdapter - Invocation of destroy method failed on bean with name 'inMemoryDatabaseShutdownExecutor': org.h2.jdbc.JdbcSQLNonTransientConnectionException: データベースはすでに閉じられています (VM終了時の自動データベースクローズを無効にするためには、db URLに ";DB_CLOSE_ON_EXIT=FALSE" を追加してください)
Database is already closed (to disable automatic closing at VM shutdown, add ";DB_CLOSE_ON_EXIT=FALSE" to the db URL) [90121-232]
2025-07-29 00:02:43 [INFO] com.zaxxer.hikari.HikariDataSource - HikariPool-17 - Shutdown initiated...
2025-07-29 00:02:43 [INFO] com.zaxxer.hikari.HikariDataSource - HikariPool-17 - Shutdown completed.
2025-07-29 00:02:43 [INFO] c.e.a.AssetManagementApplication - Starting AssetManagementApplication using Java 24.0.1 with PID 412 (C:\asset management\asset-management\target\classes started by ogiha in C:\asset management\asset-management)
2025-07-29 00:02:43 [DEBUG] c.e.a.AssetManagementApplication - Running with Spring Boot v3.5.3, Spring v6.2.8
2025-07-29 00:02:43 [INFO] c.e.a.AssetManagementApplication - No active profile set, falling back to 1 default profile: "default"
2025-07-29 00:02:43 [INFO] o.s.d.r.c.RepositoryConfigurationDelegate - Bootstrapping Spring Data JPA repositories in DEFAULT mode.
2025-07-29 00:02:43 [INFO] o.s.d.r.c.RepositoryConfigurationDelegate - Finished Spring Data repository scanning in 24 ms. Found 9 JPA repository interfaces.
2025-07-29 00:02:43 [INFO] o.s.b.w.e.tomcat.TomcatWebServer - Tomcat initialized with port 8080 (http)
2025-07-29 00:02:43 [INFO] o.a.catalina.core.StandardService - Starting service [Tomcat]
2025-07-29 00:02:43 [INFO] o.a.catalina.core.StandardEngine - Starting Servlet engine: [Apache Tomcat/10.1.42]
2025-07-29 00:02:43 [INFO] o.a.c.c.C.[Tomcat-2].[localhost].[/] - Initializing Spring embedded WebApplicationContext
2025-07-29 00:02:43 [INFO] o.s.b.w.s.c.ServletWebServerApplicationContext - Root WebApplicationContext: initialization completed in 375 ms
2025-07-29 00:02:43 [INFO] o.h.jpa.internal.util.LogHelper - HHH000204: Processing PersistenceUnitInfo [name: default]
2025-07-29 00:02:43 [INFO] o.h.c.i.RegionFactoryInitiator - HHH000026: Second-level cache disabled
2025-07-29 00:02:43 [INFO] o.s.o.j.p.SpringPersistenceUnitInfo - No LoadTimeWeaver setup: ignoring JPA class transformer
2025-07-29 00:02:43 [INFO] com.zaxxer.hikari.HikariDataSource - HikariPool-18 - Starting...
2025-07-29 00:02:43 [INFO] com.zaxxer.hikari.pool.HikariPool - HikariPool-18 - Added connection conn152: url=jdbc:h2:mem:testdb user=SA
2025-07-29 00:02:43 [INFO] com.zaxxer.hikari.HikariDataSource - HikariPool-18 - Start completed.
2025-07-29 00:02:43 [WARN] org.hibernate.orm.deprecation - HHH90000025: H2Dialect does not need to be specified explicitly using 'hibernate.dialect' (remove the property setting and it will be selected by default)
2025-07-29 00:02:43 [INFO] o.hibernate.orm.connections.pooling - HHH10001005: Database info:
	Database JDBC URL [Connecting through datasource 'HikariDataSource (HikariPool-18)']
	Database driver: undefined/unknown
	Database version: 2.3.232
	Autocommit mode: undefined/unknown
	Isolation level: undefined/unknown
	Minimum pool size: undefined/unknown
	Maximum pool size: undefined/unknown
2025-07-29 00:02:43 [INFO] o.h.e.t.j.p.i.JtaPlatformInitiator - HHH000489: No JTA platform available (set 'hibernate.transaction.jta.platform' to enable JTA platform integration)
2025-07-29 00:02:43 [INFO] o.s.o.j.LocalContainerEntityManagerFactoryBean - Initialized JPA EntityManagerFactory for persistence unit 'default'
2025-07-29 00:02:44 [WARN] o.s.b.a.o.j.JpaBaseConfiguration$JpaWebConfiguration - spring.jpa.open-in-view is enabled by default. Therefore, database queries may be performed during view rendering. Explicitly configure spring.jpa.open-in-view to disable this warning
2025-07-29 00:02:44 [INFO] o.s.b.a.h.H2ConsoleAutoConfiguration - H2 console available at '/h2-console'. Database available at 'jdbc:h2:mem:testdb'
2025-07-29 00:02:44 [INFO] o.s.b.d.a.OptionalLiveReloadServer - LiveReload server is running on port 35729
2025-07-29 00:02:44 [INFO] o.s.b.w.e.tomcat.TomcatWebServer - Tomcat started on port 8080 (http) with context path '/'
2025-07-29 00:02:44 [INFO] c.e.a.AssetManagementApplication - Started AssetManagementApplication in 1.034 seconds (process running for 3617.04)
2025-07-29 00:02:44 [INFO] o.s.b.d.a.ConditionEvaluationDeltaLoggingListener - Condition evaluation unchanged
2025-07-29 00:02:56 [INFO] o.a.c.c.C.[Tomcat-2].[localhost].[/] - Initializing Spring DispatcherServlet 'dispatcherServlet'
2025-07-29 00:02:56 [INFO] o.s.web.servlet.DispatcherServlet - Initializing Servlet 'dispatcherServlet'
2025-07-29 00:02:56 [INFO] o.s.web.servlet.DispatcherServlet - Completed initialization in 1 ms
2025-07-29 00:16:57 [INFO] o.s.b.d.a.LocalDevToolsAutoConfiguration$RestartingClassPathChangeChangedEventListener - Restarting due to 1 class path change (0 additions, 0 deletions, 1 modification)
2025-07-29 00:16:57 [INFO] o.s.b.w.e.tomcat.GracefulShutdown - Commencing graceful shutdown. Waiting for active requests to complete
2025-07-29 00:16:57 [INFO] o.s.b.w.e.tomcat.GracefulShutdown - Graceful shutdown complete
2025-07-29 00:16:57 [INFO] o.s.o.j.LocalContainerEntityManagerFactoryBean - Closing JPA EntityManagerFactory for persistence unit 'default'
2025-07-29 00:16:57 [WARN] o.s.b.f.s.DisposableBeanAdapter - Invocation of destroy method failed on bean with name 'inMemoryDatabaseShutdownExecutor': org.h2.jdbc.JdbcSQLNonTransientConnectionException: データベースはすでに閉じられています (VM終了時の自動データベースクローズを無効にするためには、db URLに ";DB_CLOSE_ON_EXIT=FALSE" を追加してください)
Database is already closed (to disable automatic closing at VM shutdown, add ";DB_CLOSE_ON_EXIT=FALSE" to the db URL) [90121-232]
2025-07-29 00:16:57 [INFO] com.zaxxer.hikari.HikariDataSource - HikariPool-18 - Shutdown initiated...
2025-07-29 00:16:57 [INFO] com.zaxxer.hikari.HikariDataSource - HikariPool-18 - Shutdown completed.
2025-07-29 00:16:58 [INFO] c.e.a.AssetManagementApplication - Starting AssetManagementApplication using Java 24.0.1 with PID 412 (C:\asset management\asset-management\target\classes started by ogiha in C:\asset management\asset-management)
2025-07-29 00:16:58 [DEBUG] c.e.a.AssetManagementApplication - Running with Spring Boot v3.5.3, Spring v6.2.8
2025-07-29 00:16:58 [INFO] c.e.a.AssetManagementApplication - No active profile set, falling back to 1 default profile: "default"
2025-07-29 00:16:58 [INFO] o.s.d.r.c.RepositoryConfigurationDelegate - Bootstrapping Spring Data JPA repositories in DEFAULT mode.
2025-07-29 00:16:58 [INFO] o.s.d.r.c.RepositoryConfigurationDelegate - Finished Spring Data repository scanning in 24 ms. Found 9 JPA repository interfaces.
2025-07-29 00:16:58 [INFO] o.s.b.w.e.tomcat.TomcatWebServer - Tomcat initialized with port 8080 (http)
2025-07-29 00:16:58 [INFO] o.a.catalina.core.StandardService - Starting service [Tomcat]
2025-07-29 00:16:58 [INFO] o.a.catalina.core.StandardEngine - Starting Servlet engine: [Apache Tomcat/10.1.42]
2025-07-29 00:16:58 [INFO] o.a.c.c.C.[Tomcat-2].[localhost].[/] - Initializing Spring embedded WebApplicationContext
2025-07-29 00:16:58 [INFO] o.s.b.w.s.c.ServletWebServerApplicationContext - Root WebApplicationContext: initialization completed in 365 ms
2025-07-29 00:16:58 [INFO] o.h.jpa.internal.util.LogHelper - HHH000204: Processing PersistenceUnitInfo [name: default]
2025-07-29 00:16:58 [INFO] o.h.c.i.RegionFactoryInitiator - HHH000026: Second-level cache disabled
2025-07-29 00:16:58 [INFO] o.s.o.j.p.SpringPersistenceUnitInfo - No LoadTimeWeaver setup: ignoring JPA class transformer
2025-07-29 00:16:58 [INFO] com.zaxxer.hikari.HikariDataSource - HikariPool-19 - Starting...
2025-07-29 00:16:58 [INFO] com.zaxxer.hikari.pool.HikariPool - HikariPool-19 - Added connection conn162: url=jdbc:h2:mem:testdb user=SA
2025-07-29 00:16:58 [INFO] com.zaxxer.hikari.HikariDataSource - HikariPool-19 - Start completed.
2025-07-29 00:16:58 [WARN] org.hibernate.orm.deprecation - HHH90000025: H2Dialect does not need to be specified explicitly using 'hibernate.dialect' (remove the property setting and it will be selected by default)
2025-07-29 00:16:58 [INFO] o.hibernate.orm.connections.pooling - HHH10001005: Database info:
	Database JDBC URL [Connecting through datasource 'HikariDataSource (HikariPool-19)']
	Database driver: undefined/unknown
	Database version: 2.3.232
	Autocommit mode: undefined/unknown
	Isolation level: undefined/unknown
	Minimum pool size: undefined/unknown
	Maximum pool size: undefined/unknown
2025-07-29 00:16:58 [INFO] o.h.e.t.j.p.i.JtaPlatformInitiator - HHH000489: No JTA platform available (set 'hibernate.transaction.jta.platform' to enable JTA platform integration)
2025-07-29 00:16:58 [INFO] o.s.o.j.LocalContainerEntityManagerFactoryBean - Initialized JPA EntityManagerFactory for persistence unit 'default'
2025-07-29 00:16:58 [WARN] o.s.b.a.o.j.JpaBaseConfiguration$JpaWebConfiguration - spring.jpa.open-in-view is enabled by default. Therefore, database queries may be performed during view rendering. Explicitly configure spring.jpa.open-in-view to disable this warning
2025-07-29 00:16:58 [INFO] o.s.b.a.h.H2ConsoleAutoConfiguration - H2 console available at '/h2-console'. Database available at 'jdbc:h2:mem:testdb'
2025-07-29 00:16:59 [INFO] o.s.b.d.a.OptionalLiveReloadServer - LiveReload server is running on port 35729
2025-07-29 00:16:59 [INFO] o.s.b.w.e.tomcat.TomcatWebServer - Tomcat started on port 8080 (http) with context path '/'
2025-07-29 00:16:59 [INFO] c.e.a.AssetManagementApplication - Started AssetManagementApplication in 1.027 seconds (process running for 4471.911)
2025-07-29 00:16:59 [INFO] o.s.b.d.a.ConditionEvaluationDeltaLoggingListener - Condition evaluation unchanged
2025-07-29 00:17:00 [INFO] o.s.b.d.a.LocalDevToolsAutoConfiguration$RestartingClassPathChangeChangedEventListener - Restarting due to 1 class path change (0 additions, 0 deletions, 1 modification)
2025-07-29 00:17:00 [INFO] o.s.b.w.e.tomcat.GracefulShutdown - Commencing graceful shutdown. Waiting for active requests to complete
2025-07-29 00:17:00 [INFO] o.s.b.w.e.tomcat.GracefulShutdown - Graceful shutdown complete
2025-07-29 00:17:00 [INFO] o.s.o.j.LocalContainerEntityManagerFactoryBean - Closing JPA EntityManagerFactory for persistence unit 'default'
2025-07-29 00:17:00 [WARN] o.s.b.f.s.DisposableBeanAdapter - Invocation of destroy method failed on bean with name 'inMemoryDatabaseShutdownExecutor': org.h2.jdbc.JdbcSQLNonTransientConnectionException: データベースはすでに閉じられています (VM終了時の自動データベースクローズを無効にするためには、db URLに ";DB_CLOSE_ON_EXIT=FALSE" を追加してください)
Database is already closed (to disable automatic closing at VM shutdown, add ";DB_CLOSE_ON_EXIT=FALSE" to the db URL) [90121-232]
2025-07-29 00:17:00 [INFO] com.zaxxer.hikari.HikariDataSource - HikariPool-19 - Shutdown initiated...
2025-07-29 00:17:00 [INFO] com.zaxxer.hikari.HikariDataSource - HikariPool-19 - Shutdown completed.
2025-07-29 00:17:00 [INFO] c.e.a.AssetManagementApplication - Starting AssetManagementApplication using Java 24.0.1 with PID 412 (C:\asset management\asset-management\target\classes started by ogiha in C:\asset management\asset-management)
2025-07-29 00:17:00 [DEBUG] c.e.a.AssetManagementApplication - Running with Spring Boot v3.5.3, Spring v6.2.8
2025-07-29 00:17:00 [INFO] c.e.a.AssetManagementApplication - No active profile set, falling back to 1 default profile: "default"
2025-07-29 00:17:00 [INFO] o.s.d.r.c.RepositoryConfigurationDelegate - Bootstrapping Spring Data JPA repositories in DEFAULT mode.
2025-07-29 00:17:00 [INFO] o.s.d.r.c.RepositoryConfigurationDelegate - Finished Spring Data repository scanning in 24 ms. Found 9 JPA repository interfaces.
2025-07-29 00:17:00 [INFO] o.s.b.w.e.tomcat.TomcatWebServer - Tomcat initialized with port 8080 (http)
2025-07-29 00:17:00 [INFO] o.a.catalina.core.StandardService - Starting service [Tomcat]
2025-07-29 00:17:00 [INFO] o.a.catalina.core.StandardEngine - Starting Servlet engine: [Apache Tomcat/10.1.42]
2025-07-29 00:17:00 [INFO] o.a.c.c.C.[Tomcat-2].[localhost].[/] - Initializing Spring embedded WebApplicationContext
2025-07-29 00:17:00 [INFO] o.s.b.w.s.c.ServletWebServerApplicationContext - Root WebApplicationContext: initialization completed in 298 ms
2025-07-29 00:17:00 [INFO] o.h.jpa.internal.util.LogHelper - HHH000204: Processing PersistenceUnitInfo [name: default]
2025-07-29 00:17:00 [INFO] o.h.c.i.RegionFactoryInitiator - HHH000026: Second-level cache disabled
2025-07-29 00:17:00 [INFO] o.s.o.j.p.SpringPersistenceUnitInfo - No LoadTimeWeaver setup: ignoring JPA class transformer
2025-07-29 00:17:00 [INFO] com.zaxxer.hikari.HikariDataSource - HikariPool-20 - Starting...
2025-07-29 00:17:00 [INFO] com.zaxxer.hikari.pool.HikariPool - HikariPool-20 - Added connection conn172: url=jdbc:h2:mem:testdb user=SA
2025-07-29 00:17:00 [INFO] com.zaxxer.hikari.HikariDataSource - HikariPool-20 - Start completed.
2025-07-29 00:17:00 [WARN] org.hibernate.orm.deprecation - HHH90000025: H2Dialect does not need to be specified explicitly using 'hibernate.dialect' (remove the property setting and it will be selected by default)
2025-07-29 00:17:00 [INFO] o.hibernate.orm.connections.pooling - HHH10001005: Database info:
	Database JDBC URL [Connecting through datasource 'HikariDataSource (HikariPool-20)']
	Database driver: undefined/unknown
	Database version: 2.3.232
	Autocommit mode: undefined/unknown
	Isolation level: undefined/unknown
	Minimum pool size: undefined/unknown
	Maximum pool size: undefined/unknown
2025-07-29 00:17:01 [INFO] o.h.e.t.j.p.i.JtaPlatformInitiator - HHH000489: No JTA platform available (set 'hibernate.transaction.jta.platform' to enable JTA platform integration)
2025-07-29 00:17:01 [INFO] o.s.o.j.LocalContainerEntityManagerFactoryBean - Initialized JPA EntityManagerFactory for persistence unit 'default'
2025-07-29 00:17:01 [WARN] o.s.b.a.o.j.JpaBaseConfiguration$JpaWebConfiguration - spring.jpa.open-in-view is enabled by default. Therefore, database queries may be performed during view rendering. Explicitly configure spring.jpa.open-in-view to disable this warning
2025-07-29 00:17:01 [INFO] o.s.b.a.h.H2ConsoleAutoConfiguration - H2 console available at '/h2-console'. Database available at 'jdbc:h2:mem:testdb'
2025-07-29 00:17:01 [INFO] o.s.b.d.a.OptionalLiveReloadServer - LiveReload server is running on port 35729
2025-07-29 00:17:01 [INFO] o.s.b.w.e.tomcat.TomcatWebServer - Tomcat started on port 8080 (http) with context path '/'
2025-07-29 00:17:01 [INFO] c.e.a.AssetManagementApplication - Started AssetManagementApplication in 1.071 seconds (process running for 4474.461)
2025-07-29 00:17:01 [INFO] o.s.b.d.a.ConditionEvaluationDeltaLoggingListener - Condition evaluation unchanged
2025-07-29 03:25:25 [WARN] com.zaxxer.hikari.pool.HikariPool - HikariPool-20 - Thread starvation or clock leap detected (housekeeper delta=3h24s971ms853µs300ns).
2025-07-29 11:30:57 [WARN] com.zaxxer.hikari.pool.HikariPool - HikariPool-20 - Thread starvation or clock leap detected (housekeeper delta=8h5m34s578ms242µs900ns).
2025-07-29 12:49:15 [INFO] o.s.b.w.e.tomcat.GracefulShutdown - Commencing graceful shutdown. Waiting for active requests to complete
2025-07-29 12:49:15 [INFO] o.s.b.w.e.tomcat.GracefulShutdown - Graceful shutdown complete
2025-07-29 12:49:15 [INFO] o.s.o.j.LocalContainerEntityManagerFactoryBean - Closing JPA EntityManagerFactory for persistence unit 'default'
2025-07-29 12:49:15 [WARN] o.s.b.f.s.DisposableBeanAdapter - Invocation of destroy method failed on bean with name 'inMemoryDatabaseShutdownExecutor': org.h2.jdbc.JdbcSQLNonTransientConnectionException: データベースはすでに閉じられています (VM終了時の自動データベースクローズを無効にするためには、db URLに ";DB_CLOSE_ON_EXIT=FALSE" を追加してください)
Database is already closed (to disable automatic closing at VM shutdown, add ";DB_CLOSE_ON_EXIT=FALSE" to the db URL) [90121-232]
2025-07-29 12:49:15 [INFO] com.zaxxer.hikari.HikariDataSource - HikariPool-20 - Shutdown initiated...
2025-07-29 12:49:15 [INFO] com.zaxxer.hikari.HikariDataSource - HikariPool-20 - Shutdown completed.
